{"logLevel":"debug","message":"multithreading is set to false"}
{"logLevel":"debug","message":"Using reflection to scan dependencies for gauge implementations..."}
SLF4J: Failed to load class "org.slf4j.impl.StaticLoggerBinder".
SLF4J: Defaulting to no-operation (NOP) logger implementation
SLF4J: See http://www.slf4j.org/codes.html#StaticLoggerBinder for further details.
log4j:WARN No appenders could be found for logger (io.grpc.netty.shaded.io.netty.util.internal.logging.InternalLoggerFactory).
log4j:WARN Please initialize the log4j system properly.
log4j:WARN See http://logging.apache.org/log4j/1.2/faq.html#noconfig for more info.
{"logLevel":"debug","message":"gauge-java took 5651milliseconds to load and scan. This should be less than 'runner_connection_timeout' config value."}
{"logLevel":"debug","message":"run 'gauge config runner_connection_timeout' and verify that it is < 5651"}
{"logLevel":"debug","message":"starting gRPC server..."}
{"logLevel":"debug","message":"Scanning packages for steps"}
{"logLevel":"debug","message":"Comparing 'tests.LoginTest.clickLoginButton' and 'tests.LoginTest.clickLoginButton'"}
{"logLevel":"debug","message":"Found Click to Log In button in current project scope."}
{"logLevel":"debug","message":"Comparing 'tests.LoginTest.checkUnsuccessMainPageAfterLogin' and 'tests.LoginTest.checkUnsuccessMainPageAfterLogin'"}
{"logLevel":"debug","message":"Found It shows failed login in current project scope."}
{"logLevel":"debug","message":"Comparing 'tests.HomeTest.goToUrl' and 'tests.HomeTest.goToUrl'"}
{"logLevel":"debug","message":"Found Enter {} Trello Home Page in current project scope."}
{"logLevel":"debug","message":"Comparing 'tests.LoginTest.setEmail' and 'tests.LoginTest.setEmail'"}
{"logLevel":"debug","message":"Found Set email {} in login page in current project scope."}
{"logLevel":"debug","message":"Comparing 'tests.HomeTest.clickToLoginButton' and 'tests.HomeTest.clickToLoginButton'"}
{"logLevel":"debug","message":"Found Click to Login Button in current project scope."}
{"logLevel":"debug","message":"Comparing 'tests.LoginTest.setPassword' and 'tests.LoginTest.setPassword'"}
{"logLevel":"debug","message":"Found Set password {} in login page in current project scope."}
{"logLevel":"debug","message":"Comparing 'tests.LoginTest.clickContinue' and 'tests.LoginTest.clickContinue'"}
{"logLevel":"debug","message":"Found Click to Continue button in current project scope."}
{"logLevel":"debug","message":"Scanning packages for hooks"}
{"logLevel":"debug","message":"Scanned steps (using static parsing + reflections): "}
{"logLevel":"debug","message":"\tClick to Login Button : public void clickToLoginButton()"}
{"logLevel":"debug","message":"\tSet email {} in login page : public void setEmail(String email)"}
{"logLevel":"debug","message":"\tSet password {} in login page : public void setPassword(String password)"}
{"logLevel":"debug","message":"\tClick to Continue button : public void clickContinue()"}
{"logLevel":"debug","message":"\tClick to Log In button : public void clickLoginButton()"}
{"logLevel":"debug","message":"\tEnter {} Trello Home Page : public void goToUrl(String url) throws Exception"}
{"logLevel":"debug","message":"\tIt shows failed login : public void checkUnsuccessMainPageAfterLogin()"}
{"logLevel":"debug","message":"started gRPC server on port 58101"}
{"logLevel":"info","message":"Listening on port:58101"}
Starting ChromeDriver 111.0.5563.64 (c710e93d5b63b7095afe8c2c17df34408078439d-refs/branch-heads/5563@{#995}) on port 38464
Only local connections are allowed.
Please see https://chromedriver.chromium.org/security-considerations for suggestions on keeping ChromeDriver safe.
ChromeDriver was started successfully.
Mar 18, 2023 6:55:57 PM org.openqa.selenium.remote.ProtocolHandshake createSession
INFO: Detected dialect: W3C
{"logLevel":"debug","message":"Executing 'Enter {} Trello Home Page' using 'class tests.HomeTest.goToUrl"}
{"logLevel":"debug","message":"Executing 'Click to Login Button' using 'class tests.HomeTest.clickToLoginButton"}
{"logLevel":"debug","message":"Executing 'Set email {} in login page' using 'class tests.LoginTest.setEmail"}
{"logLevel":"debug","message":"Executing 'Click to Continue button' using 'class tests.LoginTest.clickContinue"}
{"logLevel":"debug","message":"Executing 'Set password {} in login page' using 'class tests.LoginTest.setPassword"}
{"logLevel":"debug","message":"Executing 'Enter {} Trello Home Page' using 'class tests.HomeTest.goToUrl"}
{"logLevel":"debug","message":"Executing 'Click to Login Button' using 'class tests.HomeTest.clickToLoginButton"}
{"logLevel":"debug","message":"Executing 'Set email {} in login page' using 'class tests.LoginTest.setEmail"}
{"logLevel":"debug","message":"Executing 'Click to Continue button' using 'class tests.LoginTest.clickContinue"}
{"logLevel":"debug","message":"Executing 'Set password {} in login page' using 'class tests.LoginTest.setPassword"}
{"logLevel":"debug","message":"Executing 'Click to Log In button' using 'class tests.LoginTest.clickLoginButton"}
{"logLevel":"debug","message":"Executing 'It shows failed login' using 'class tests.LoginTest.checkUnsuccessMainPageAfterLogin"}
{"logLevel":"debug","message":"Killing Java runner..."}
{"logLevel":"debug","message":"Stopping execution pool..."}
{"logLevel":"debug","message":"Shutting down grpc server..."}
{"logLevel":"debug","message":"Runner killed gracefully."}
